<?xml version="1.0" encoding="UTF-8"?>
<!-- Generated by org.testng.reporters.JUnitReportReporter -->
<testsuite hostname="DESKTOP-RJQSTKO" failures="0" tests="2" name="com.psl.training.EASMProject.TestReports" time="8.690" errors="0" timestamp="27 Dec 2021 10:02:54 GMT" skipped="0">
  <testcase classname="com.psl.training.EASMProject.TestReports" name="signUp" time="0.592"/>
  <testcase classname="com.psl.training.EASMProject.TestReports" name="driverSetup" time="8.098"/>
</testsuite> <!-- com.psl.training.EASMProject.TestReports -->
